<?xml version="1.0" encoding="UTF-8"?>
<!-- Generated by org.testng.reporters.JUnitReportReporter -->
<testsuite hostname="LAPTOP-5UPL97SO" failures="0" tests="2" name="batch_testng_program.A2" time="0.005" errors="0" timestamp="2022-11-02T08:30:50 IST" skipped="0">
  <testcase classname="batch_testng_program.A2" name="A5" time="0.002"/>
  <system-out>
    <![CDATA[Test case No5]]>
  </system-out>
  <testcase classname="batch_testng_program.A2" name="A4" time="0.003"/>
  <system-out>
    <![CDATA[Test case No4]]>
  </system-out>
</testsuite> <!-- batch_testng_program.A2 -->
