<?xml version="1.0" encoding="UTF-8"?>
<!-- Generated by org.testng.reporters.JUnitReportReporter -->
<testsuite hostname="LAPTOP-5UPL97SO" failures="0" tests="2" name="multibrowser.multibrowser" time="0.008" errors="0" timestamp="2022-11-04T11:08:43 IST" skipped="0">
  <testcase classname="multibrowser.multibrowser" name="login" time="0.006"/>
  <system-out>
    <![CDATA[login completed]]>
  </system-out>
  <testcase classname="multibrowser.multibrowser" name="login" time="0.002"/>
  <system-out>
    <![CDATA[login completed]]>
  </system-out>
</testsuite> <!-- multibrowser.multibrowser -->
