<?xml version="1.0" encoding="UTF-8"?>
<!-- Generated by org.testng.reporters.JUnitReportReporter -->
<testsuite hostname="LAPTOP-5UPL97SO" failures="0" tests="3" name="Testng.emailable2" time="0.012" errors="0" timestamp="2022-10-30T08:26:44 IST" skipped="0">
  <testcase classname="Testng.emailable2" name="M1" time="0.010"/>
  <system-out>
    <![CDATA[Test case no 1]]>
  </system-out>
  <testcase classname="Testng.emailable2" name="M3" time="0.001"/>
  <system-out>
    <![CDATA[Test case no 3]]>
  </system-out>
  <testcase classname="Testng.emailable2" name="M2" time="0.001"/>
  <system-out>
    <![CDATA[Test case no 2]]>
  </system-out>
</testsuite> <!-- Testng.emailable2 -->
