<?xml version="1.0" encoding="UTF-8"?>
<!-- Generated by org.testng.reporters.JUnitReportReporter -->
<testsuite hostname="LAPTOP-5UPL97SO" failures="0" tests="2" name="batch_testng_program.A1" time="0.020" errors="0" timestamp="2022-11-02T08:30:50 IST" skipped="0">
  <testcase classname="batch_testng_program.A1" name="A" time="0.019"/>
  <system-out>
    <![CDATA[Test case NO1]]>
  </system-out>
  <testcase classname="batch_testng_program.A1" name="A2" time="0.001"/>
  <system-out>
    <![CDATA[Test case NO2]]>
  </system-out>
</testsuite> <!-- batch_testng_program.A1 -->
