<?xml version="1.0" encoding="UTF-8"?>
<!-- Generated by org.testng.reporters.JUnitReportReporter -->
<testsuite hostname="LAPTOP-5UPL97SO" failures="0" tests="3" name="TestNG2.A2" time="0.015" errors="0" timestamp="2022-11-01T08:23:26 IST" skipped="0">
  <testcase classname="TestNG2.A2" name="M5" time="0.001"/>
  <system-out>
    <![CDATA[Test case no 5]]>
  </system-out>
  <testcase classname="TestNG2.A2" name="M4" time="0.013"/>
  <system-out>
    <![CDATA[Test case no 4]]>
  </system-out>
  <testcase classname="TestNG2.A2" name="M6" time="0.001"/>
  <system-out>
    <![CDATA[Test case no 6]]>
  </system-out>
</testsuite> <!-- TestNG2.A2 -->
