<?xml version="1.0" encoding="UTF-8"?>
<!-- Generated by org.testng.reporters.JUnitReportReporter -->
<testsuite hostname="LAPTOP-5UPL97SO" failures="0" tests="1" name="parallel_Execution.par_execution_3" time="60.267" errors="0" timestamp="2022-11-02T19:57:10 IST" skipped="0">
  <testcase classname="parallel_Execution.par_execution_3" name="Tc1" time="60.267"/>
  <system-out/>
</testsuite> <!-- parallel_Execution.par_execution_3 -->
