<?xml version="1.0" encoding="UTF-8"?>
<!-- Generated by org.testng.reporters.JUnitReportReporter -->
<testsuite hostname="LAPTOP-5UPL97SO" failures="0" tests="3" name="testng2.emailable2" time="0.015" errors="0" timestamp="2022-10-30T08:10:06 IST" skipped="0">
  <testcase classname="testng2.emailable2" name="M1" time="0.011"/>
  <system-out>
    <![CDATA[Test case no 1]]>
  </system-out>
  <testcase classname="testng2.emailable2" name="M3" time="0.002"/>
  <system-out>
    <![CDATA[Test case no 3]]>
  </system-out>
  <testcase classname="testng2.emailable2" name="M2" time="0.002"/>
  <system-out>
    <![CDATA[Test case no 2]]>
  </system-out>
</testsuite> <!-- testng2.emailable2 -->
