<?xml version="1.0" encoding="UTF-8"?>
<!-- Generated by org.testng.reporters.JUnitReportReporter -->
<testsuite hostname="LAPTOP-5UPL97SO" failures="0" tests="3" name="TestNG2.A3" time="0.004" errors="0" timestamp="2022-11-01T08:23:26 IST" skipped="0">
  <testcase classname="TestNG2.A3" name="M9" time="0.002"/>
  <system-out>
    <![CDATA[Test case no 9]]>
  </system-out>
  <testcase classname="TestNG2.A3" name="M8" time="0.001"/>
  <system-out>
    <![CDATA[Test case no 8]]>
  </system-out>
  <testcase classname="TestNG2.A3" name="M7" time="0.001"/>
  <system-out>
    <![CDATA[Test case no 7]]>
  </system-out>
</testsuite> <!-- TestNG2.A3 -->
