<?xml version="1.0" encoding="UTF-8"?>
<!-- Generated by org.testng.reporters.JUnitReportReporter -->
<testsuite hostname="LAPTOP-5UPL97SO" failures="0" tests="10" name="keywords_testng.invocation_count" time="0.035" errors="0" timestamp="2022-11-01T11:20:23 IST" skipped="0">
  <testcase classname="keywords_testng.invocation_count" name="M1" time="0.001"/>
  <system-out>
    <![CDATA[Test case NO1]]>
  </system-out>
  <testcase classname="keywords_testng.invocation_count" name="M1" time="0.000"/>
  <system-out>
    <![CDATA[Test case NO1]]>
  </system-out>
  <testcase classname="keywords_testng.invocation_count" name="M1" time="0.024"/>
  <system-out>
    <![CDATA[Test case NO1]]>
  </system-out>
  <testcase classname="keywords_testng.invocation_count" name="M1" time="0.002"/>
  <system-out>
    <![CDATA[Test case NO1]]>
  </system-out>
  <testcase classname="keywords_testng.invocation_count" name="M1" time="0.001"/>
  <system-out>
    <![CDATA[Test case NO1]]>
  </system-out>
  <testcase classname="keywords_testng.invocation_count" name="M1" time="0.002"/>
  <system-out>
    <![CDATA[Test case NO1]]>
  </system-out>
  <testcase classname="keywords_testng.invocation_count" name="M1" time="0.002"/>
  <system-out>
    <![CDATA[Test case NO1]]>
  </system-out>
  <testcase classname="keywords_testng.invocation_count" name="M1" time="0.001"/>
  <system-out>
    <![CDATA[Test case NO1]]>
  </system-out>
  <testcase classname="keywords_testng.invocation_count" name="M1" time="0.001"/>
  <system-out>
    <![CDATA[Test case NO1]]>
  </system-out>
  <testcase classname="keywords_testng.invocation_count" name="M1" time="0.001"/>
  <system-out>
    <![CDATA[Test case NO1]]>
  </system-out>
</testsuite> <!-- keywords_testng.invocation_count -->
