<?xml version="1.0" encoding="UTF-8"?>
<!-- Generated by org.testng.reporters.JUnitReportReporter -->
<testsuite hostname="LAPTOP-5UPL97SO" failures="0" tests="5" name="TestNG2.priority" time="0.017" errors="0" timestamp="2022-11-01T11:45:20 IST" skipped="0">
  <testcase classname="TestNG2.priority" name="dhiraj" time="0.001"/>
  <system-out>
    <![CDATA[Running TC5]]>
  </system-out>
  <testcase classname="TestNG2.priority" name="ankush" time="0.012"/>
  <system-out>
    <![CDATA[Running TC3]]>
  </system-out>
  <testcase classname="TestNG2.priority" name="sunita" time="0.002"/>
  <system-out>
    <![CDATA[Running TC4]]>
  </system-out>
  <testcase classname="TestNG2.priority" name="pooja" time="0.001"/>
  <system-out>
    <![CDATA[Running TC1]]>
  </system-out>
  <testcase classname="TestNG2.priority" name="yogesh" time="0.001"/>
  <system-out>
    <![CDATA[Running TC2]]>
  </system-out>
</testsuite> <!-- TestNG2.priority -->
