<?xml version="1.0" encoding="UTF-8"?>
<!-- Generated by org.testng.reporters.JUnitReportReporter -->
<testsuite hostname="LAPTOP-5UPL97SO" failures="0" tests="3" name="TestNG2.Emailable_report" time="0.017" errors="0" timestamp="2022-10-30T08:40:26 IST" skipped="0">
  <testcase classname="TestNG2.Emailable_report" name="M1" time="0.012"/>
  <system-out>
    <![CDATA[Test case no 1]]>
  </system-out>
  <testcase classname="TestNG2.Emailable_report" name="M3" time="0.002"/>
  <system-out>
    <![CDATA[Test case no 3]]>
  </system-out>
  <testcase classname="TestNG2.Emailable_report" name="M2" time="0.003"/>
  <system-out>
    <![CDATA[Test case no 2]]>
  </system-out>
</testsuite> <!-- TestNG2.Emailable_report -->
