<?xml version="1.0" encoding="UTF-8"?>
<!-- Generated by org.testng.reporters.JUnitReportReporter -->
<testsuite hostname="LAPTOP-5UPL97SO" failures="0" tests="1" name="Asser.asser_true" time="0.014" errors="0" timestamp="2022-11-04T11:46:19 IST" skipped="0">
  <testcase classname="Asser.asser_true" name="TC1" time="0.014"/>
  <system-out/>
</testsuite> <!-- Asser.asser_true -->
