<?xml version="1.0" encoding="UTF-8"?>
<!-- Generated by org.testng.reporters.JUnitReportReporter -->
<testsuite hostname="LAPTOP-5UPL97SO" failures="0" tests="1" name="Asser.Assert_equalse" time="0.012" errors="0" timestamp="2022-11-04T08:41:37 IST" skipped="0">
  <testcase classname="Asser.Assert_equalse" name="TC1" time="0.012"/>
  <system-out/>
</testsuite> <!-- Asser.Assert_equalse -->
