<?xml version="1.0" encoding="UTF-8"?>
<!-- Generated by org.testng.reporters.JUnitReportReporter -->
<testsuite hostname="LAPTOP-5UPL97SO" failures="0" tests="3" name="TestNG2.A1" time="0.004" errors="0" timestamp="2022-11-01T08:23:26 IST" skipped="0">
  <testcase classname="TestNG2.A1" name="M1" time="0.002"/>
  <system-out>
    <![CDATA[Test case no 1]]>
  </system-out>
  <testcase classname="TestNG2.A1" name="M3" time="0.001"/>
  <system-out>
    <![CDATA[Test case no 3]]>
  </system-out>
  <testcase classname="TestNG2.A1" name="M2" time="0.001"/>
  <system-out>
    <![CDATA[Test case no 2]]>
  </system-out>
</testsuite> <!-- TestNG2.A1 -->
