<?xml version="1.0" encoding="UTF-8"?>
<!-- Generated by org.testng.reporters.JUnitReportReporter -->
<testsuite hostname="LAPTOP-5UPL97SO" failures="0" tests="1" name="Asser.Hardassert_notequals" time="0.015" errors="0" timestamp="2022-11-04T11:39:58 IST" skipped="0">
  <testcase classname="Asser.Hardassert_notequals" name="notequals" time="0.015"/>
  <system-out/>
</testsuite> <!-- Asser.Hardassert_notequals -->
