<?xml version="1.0" encoding="UTF-8"?>
<!-- Generated by org.testng.reporters.JUnitReportReporter -->
<testsuite hostname="LAPTOP-5UPL97SO" failures="0" tests="3" name="batch_testng_program.A3" time="0.003" errors="0" timestamp="2022-11-02T08:30:50 IST" skipped="0">
  <testcase classname="batch_testng_program.A3" name="A8" time="0.001"/>
  <system-out>
    <![CDATA[Test case No8]]>
  </system-out>
  <testcase classname="batch_testng_program.A3" name="A7" time="0.002"/>
  <system-out>
    <![CDATA[Test case No7]]>
  </system-out>
  <testcase classname="batch_testng_program.A3" name="A9" time="0.000"/>
  <system-out>
    <![CDATA[Test case No9]]>
  </system-out>
</testsuite> <!-- batch_testng_program.A3 -->
