<?xml version="1.0" encoding="UTF-8"?>
<!-- Generated by org.testng.reporters.JUnitReportReporter -->
<testsuite hostname="LAPTOP-5UPL97SO" failures="0" tests="3" name="TestNG.emailable" time="0.017" errors="0" timestamp="2022-10-30T07:50:34 IST" skipped="0">
  <testcase classname="TestNG.emailable" name="M1" time="0.014"/>
  <system-out>
    <![CDATA[Test case no 1]]>
  </system-out>
  <testcase classname="TestNG.emailable" name="M3" time="0.002"/>
  <system-out>
    <![CDATA[Test case no 3]]>
  </system-out>
  <testcase classname="TestNG.emailable" name="M2" time="0.001"/>
  <system-out>
    <![CDATA[Test case no 2]]>
  </system-out>
</testsuite> <!-- TestNG.emailable -->
